\BOOKMARK [1][-]{section.1}{\376\377\000A\000r\000c\000h\000i\000t\000e\000c\000t\000u\000r\000a\000l\000\040\000D\000e\000s\000i\000g\000n\000\040\000S\000t\000r\000a\000t\000e\000g\000y}{}% 1
\BOOKMARK [2][-]{subsection.1.1}{\376\377\000B\000a\000c\000k\000g\000r\000o\000u\000n\000d}{section.1}% 2
\BOOKMARK [2][-]{subsection.1.2}{\376\377\000A\000r\000c\000h\000i\000t\000e\000c\000t\000u\000r\000a\000l\000\040\000D\000e\000c\000i\000s\000i\000o\000n\000s}{section.1}% 3
\BOOKMARK [1][-]{section.2}{\376\377\000A\000r\000c\000h\000i\000t\000e\000c\000t\000u\000r\000a\000l\000\040\000Q\000u\000a\000l\000i\000t\000y\000\040\000R\000e\000q\000u\000i\000r\000e\000m\000e\000n\000t\000s}{}% 4
\BOOKMARK [1][-]{section.3}{\376\377\000A\000r\000c\000h\000i\000t\000e\000c\000t\000u\000r\000a\000l\000\040\000S\000t\000r\000a\000t\000e\000g\000i\000e\000s}{}% 5
\BOOKMARK [1][-]{section.4}{\376\377\000A\000r\000c\000h\000i\000t\000e\000c\000t\000u\000r\000a\000l\000\040\000P\000a\000t\000t\000e\000r\000n\000s\000\040\000a\000n\000d\000\040\000N\000o\000n\000-\000F\000u\000n\000c\000t\000i\000o\000n\000a\000l\000\040\000R\000e\000q\000u\000i\000r\000e\000m\000e\000n\000t\000s}{}% 6
\BOOKMARK [2][-]{subsection.4.1}{\376\377\000P\000e\000r\000f\000o\000r\000m\000a\000n\000c\000e}{section.4}% 7
\BOOKMARK [2][-]{subsection.4.2}{\376\377\000S\000c\000a\000l\000a\000b\000i\000l\000i\000t\000y}{section.4}% 8
\BOOKMARK [2][-]{subsection.4.3}{\376\377\000S\000e\000c\000u\000r\000i\000t\000y}{section.4}% 9
\BOOKMARK [2][-]{subsection.4.4}{\376\377\000R\000e\000l\000i\000a\000b\000i\000l\000i\000t\000y}{section.4}% 10
\BOOKMARK [2][-]{subsection.4.5}{\376\377\000U\000s\000a\000b\000i\000l\000i\000t\000y}{section.4}% 11
\BOOKMARK [1][-]{section.5}{\376\377\000D\000e\000s\000i\000g\000n\000\040\000P\000a\000t\000t\000e\000r\000n\000s\000\040\000U\000s\000e\000d}{}% 12
\BOOKMARK [2][-]{subsection.5.1}{\376\377\000F\000a\000c\000a\000d\000e}{section.5}% 13
\BOOKMARK [2][-]{subsection.5.2}{\376\377\000S\000i\000n\000g\000l\000e\000t\000o\000n}{section.5}% 14
\BOOKMARK [1][-]{section.6}{\376\377\000A\000r\000c\000h\000i\000t\000e\000c\000t\000u\000r\000a\000l\000\040\000C\000o\000n\000s\000t\000r\000a\000i\000n\000t\000s}{}% 15
\BOOKMARK [2][-]{subsection.6.1}{\376\377\000D\000a\000t\000a\000\040\000C\000o\000n\000s\000t\000r\000a\000i\000n\000t\000s}{section.6}% 16
\BOOKMARK [1][-]{section.7}{\376\377\000T\000e\000c\000h\000n\000o\000l\000o\000g\000y\000\040\000C\000h\000o\000i\000c\000e\000s}{}% 17
\BOOKMARK [2][-]{subsection.7.1}{\376\377\000B\000a\000c\000k\000e\000n\000d}{section.7}% 18
\BOOKMARK [2][-]{subsection.7.2}{\376\377\000F\000r\000o\000n\000t\000e\000n\000d}{section.7}% 19
\BOOKMARK [2][-]{subsection.7.3}{\376\377\000D\000e\000v\000O\000p\000s}{section.7}% 20
\BOOKMARK [2][-]{subsection.7.4}{\376\377\000S\000e\000c\000u\000r\000i\000t\000y}{section.7}% 21
\BOOKMARK [2][-]{subsection.7.5}{\376\377\000C\000o\000l\000l\000a\000b\000o\000r\000a\000t\000i\000o\000n}{section.7}% 22
